{"numFailedTestSuites":1,"numFailedTests":2,"numPassedTestSuites":0,"numPassedTests":0,"numPendingTestSuites":0,"numPendingTests":0,"numRuntimeErrorTestSuites":0,"numTodoTests":0,"numTotalTestSuites":1,"numTotalTests":2,"openHandles":[],"snapshot":{"added":0,"didUpdate":false,"failure":false,"filesAdded":0,"filesRemoved":0,"filesRemovedList":[],"filesUnmatched":0,"filesUpdated":0,"matched":0,"total":0,"unchecked":0,"uncheckedKeysByFile":[],"unmatched":0,"updated":0},"startTime":1774111655541,"success":false,"testResults":[{"assertionResults":[{"ancestorTitles":["Field Trip Guardrails"],"duration":6,"failing":false,"failureDetails":[{"message":"thrown: \"Exceeded timeout of 30000 ms for a hook.\nAdd a timeout value to this test to increase the timeout, if this is a long-running test. See https://jestjs.io/docs/api#testname-fn-timeout.\""}],"failureMessages":["Error: thrown: \"Exceeded timeout of 30000 ms for a hook.\nAdd a timeout value to this test to increase the timeout, if this is a long-running test. See https://jestjs.io/docs/api#testname-fn-timeout.\"\n    at Object.beforeAll (D:\\PPH 26.2\\26.2\\server\\tests\\fieldTripGuards.test.js:104:1)\n    at Runtime._execModule (D:\\PPH 26.2\\26.2\\node_modules\\jest-runtime\\build\\index.js:1268:24)\n    at Runtime._loadModule (D:\\PPH 26.2\\26.2\\node_modules\\jest-runtime\\build\\index.js:944:12)\n    at Runtime.requireModule (D:\\PPH 26.2\\26.2\\node_modules\\jest-runtime\\build\\index.js:832:12)\n    at jestAdapter (D:\\PPH 26.2\\26.2\\node_modules\\jest-circus\\build\\runner.js:95:13)\n    at runTestInternal (D:\\PPH 26.2\\26.2\\node_modules\\jest-runner\\build\\index.js:275:16)\n    at runTest (D:\\PPH 26.2\\26.2\\node_modules\\jest-runner\\build\\index.js:343:7)"],"fullName":"Field Trip Guardrails review-approval blocks unassigned manager and writes audit entry","invocations":1,"location":null,"numPassingAsserts":0,"retryReasons":[],"startAt":1774111701922,"status":"failed","title":"review-approval blocks unassigned manager and writes audit entry"},{"ancestorTitles":["Field Trip Guardrails"],"duration":1,"failing":false,"failureDetails":[{"message":"thrown: \"Exceeded timeout of 30000 ms for a hook.\nAdd a timeout value to this test to increase the timeout, if this is a long-running test. See https://jestjs.io/docs/api#testname-fn-timeout.\""}],"failureMessages":["Error: thrown: \"Exceeded timeout of 30000 ms for a hook.\nAdd a timeout value to this test to increase the timeout, if this is a long-running test. See https://jestjs.io/docs/api#testname-fn-timeout.\"\n    at Object.beforeAll (D:\\PPH 26.2\\26.2\\server\\tests\\fieldTripGuards.test.js:104:1)\n    at Runtime._execModule (D:\\PPH 26.2\\26.2\\node_modules\\jest-runtime\\build\\index.js:1268:24)\n    at Runtime._loadModule (D:\\PPH 26.2\\26.2\\node_modules\\jest-runtime\\build\\index.js:944:12)\n    at Runtime.requireModule (D:\\PPH 26.2\\26.2\\node_modules\\jest-runtime\\build\\index.js:832:12)\n    at jestAdapter (D:\\PPH 26.2\\26.2\\node_modules\\jest-circus\\build\\runner.js:95:13)\n    at runTestInternal (D:\\PPH 26.2\\26.2\\node_modules\\jest-runner\\build\\index.js:275:16)\n    at runTest (D:\\PPH 26.2\\26.2\\node_modules\\jest-runner\\build\\index.js:343:7)"],"fullName":"Field Trip Guardrails check-in rejects stops scheduled far from today","invocations":1,"location":null,"numPassingAsserts":0,"retryReasons":[],"startAt":1774111701935,"status":"failed","title":"check-in rejects stops scheduled far from today"}],"endTime":1774111702142,"message":"\u001b[1m\u001b[31m  \u001b[1m● \u001b[22m\u001b[1mField Trip Guardrails › review-approval blocks unassigned manager and writes audit entry\u001b[39m\u001b[22m\n\n    thrown: \"Exceeded timeout of 30000 ms for a hook.\n    Add a timeout value to this test to increase the timeout, if this is a long-running test. See https://jestjs.io/docs/api#testname-fn-timeout.\"\n\u001b[2m\u001b[22m\n\u001b[2m    \u001b[0m \u001b[90m 102 |\u001b[39m }\u001b[22m\n\u001b[2m     \u001b[90m 103 |\u001b[39m\u001b[22m\n\u001b[2m    \u001b[31m\u001b[1m>\u001b[22m\u001b[2m\u001b[39m\u001b[90m 104 |\u001b[39m beforeAll(\u001b[36masync\u001b[39m () \u001b[33m=>\u001b[39m {\u001b[22m\n\u001b[2m     \u001b[90m     |\u001b[39m \u001b[31m\u001b[1m^\u001b[22m\u001b[2m\u001b[39m\u001b[22m\n\u001b[2m     \u001b[90m 105 |\u001b[39m   app \u001b[33m=\u001b[39m initializeApp()\u001b[33m;\u001b[39m\u001b[22m\n\u001b[2m     \u001b[90m 106 |\u001b[39m\u001b[22m\n\u001b[2m     \u001b[90m 107 |\u001b[39m   \u001b[36mconst\u001b[39m users \u001b[33m=\u001b[39m \u001b[36mawait\u001b[39m findRepAndManagers()\u001b[33m;\u001b[39m\u001b[0m\u001b[22m\n\u001b[2m\u001b[22m\n\u001b[2m      \u001b[2mat Object.beforeAll (\u001b[22m\u001b[2m\u001b[0m\u001b[36mserver/tests/fieldTripGuards.test.js\u001b[39m\u001b[0m\u001b[2m:104:1)\u001b[22m\u001b[2m\u001b[22m\n\n\u001b[1m\u001b[31m  \u001b[1m● \u001b[22m\u001b[1mField Trip Guardrails › check-in rejects stops scheduled far from today\u001b[39m\u001b[22m\n\n    thrown: \"Exceeded timeout of 30000 ms for a hook.\n    Add a timeout value to this test to increase the timeout, if this is a long-running test. See https://jestjs.io/docs/api#testname-fn-timeout.\"\n\u001b[2m\u001b[22m\n\u001b[2m    \u001b[0m \u001b[90m 102 |\u001b[39m }\u001b[22m\n\u001b[2m     \u001b[90m 103 |\u001b[39m\u001b[22m\n\u001b[2m    \u001b[31m\u001b[1m>\u001b[22m\u001b[2m\u001b[39m\u001b[90m 104 |\u001b[39m beforeAll(\u001b[36masync\u001b[39m () \u001b[33m=>\u001b[39m {\u001b[22m\n\u001b[2m     \u001b[90m     |\u001b[39m \u001b[31m\u001b[1m^\u001b[22m\u001b[2m\u001b[39m\u001b[22m\n\u001b[2m     \u001b[90m 105 |\u001b[39m   app \u001b[33m=\u001b[39m initializeApp()\u001b[33m;\u001b[39m\u001b[22m\n\u001b[2m     \u001b[90m 106 |\u001b[39m\u001b[22m\n\u001b[2m     \u001b[90m 107 |\u001b[39m   \u001b[36mconst\u001b[39m users \u001b[33m=\u001b[39m \u001b[36mawait\u001b[39m findRepAndManagers()\u001b[33m;\u001b[39m\u001b[0m\u001b[22m\n\u001b[2m\u001b[22m\n\u001b[2m      \u001b[2mat Object.beforeAll (\u001b[22m\u001b[2m\u001b[0m\u001b[36mserver/tests/fieldTripGuards.test.js\u001b[39m\u001b[0m\u001b[2m:104:1)\u001b[22m\u001b[2m\u001b[22m\n","name":"D:\\PPH 26.2\\26.2\\server\\tests\\fieldTripGuards.test.js","startTime":1774111656061,"status":"failed","summary":""}],"wasInterrupted":false}
